c:\users\kevin\onedrive\documents\visual studio 2015\projects\aircraft stability analysis\aircraft stability analysis\debug\aircraft stability analysis.pch.codeanalysis
c:\users\kevin\onedrive\documents\visual studio 2015\projects\aircraft stability analysis\aircraft stability analysis\debug\vc140.pdb
c:\users\kevin\onedrive\documents\visual studio 2015\projects\aircraft stability analysis\aircraft stability analysis\debug\vc140.idb
c:\users\kevin\onedrive\documents\visual studio 2015\projects\aircraft stability analysis\aircraft stability analysis\debug\aircraft stability analysis.pch.codeanalysisast
c:\users\kevin\onedrive\documents\visual studio 2015\projects\aircraft stability analysis\aircraft stability analysis\debug\stdafx.nativecodeanalysis.xml
c:\users\kevin\onedrive\documents\visual studio 2015\projects\aircraft stability analysis\aircraft stability analysis\debug\stdafx.obj
c:\users\kevin\onedrive\documents\visual studio 2015\projects\aircraft stability analysis\aircraft stability analysis\debug\aircraft stability analysis.pch
c:\users\kevin\onedrive\documents\visual studio 2015\projects\aircraft stability analysis\aircraft stability analysis\debug\aircraft stability analysis.nativecodeanalysis.xml
c:\users\kevin\onedrive\documents\visual studio 2015\projects\aircraft stability analysis\aircraft stability analysis\debug\aircraft stability analysisdlg.nativecodeanalysis.xml
c:\users\kevin\onedrive\documents\visual studio 2015\projects\aircraft stability analysis\aircraft stability analysis\debug\aircraft stability analysisdlg.obj
c:\users\kevin\onedrive\documents\visual studio 2015\projects\aircraft stability analysis\aircraft stability analysis\debug\aircraft stability analysis.obj
c:\users\kevin\onedrive\documents\visual studio 2015\projects\aircraft stability analysis\debug\aircraft stability analysis.ilk
c:\users\kevin\onedrive\documents\visual studio 2015\projects\aircraft stability analysis\debug\aircraft stability analysis.exe
c:\users\kevin\onedrive\documents\visual studio 2015\projects\aircraft stability analysis\debug\aircraft stability analysis.pdb
c:\users\kevin\onedrive\documents\visual studio 2015\projects\aircraft stability analysis\aircraft stability analysis\debug\aircraft stability analysis.res
c:\users\kevin\onedrive\documents\visual studio 2015\projects\aircraft stability analysis\aircraft stability analysis\debug\nativecodeanalysis.read.1.tlog
c:\users\kevin\onedrive\documents\visual studio 2015\projects\aircraft stability analysis\aircraft stability analysis\debug\vc.nativecodeanalysis.all.xml
c:\users\kevin\onedrive\documents\visual studio 2015\projects\aircraft stability analysis\debug\aircraft stability analysis.exe.lastcodeanalysissucceeded
c:\users\kevin\onedrive\documents\visual studio 2015\projects\aircraft stability analysis\aircraft stability analysis\debug\aircraft.0e1a313c.tlog\cl.command.1.tlog
c:\users\kevin\onedrive\documents\visual studio 2015\projects\aircraft stability analysis\aircraft stability analysis\debug\aircraft.0e1a313c.tlog\cl.read.1.tlog
c:\users\kevin\onedrive\documents\visual studio 2015\projects\aircraft stability analysis\aircraft stability analysis\debug\aircraft.0e1a313c.tlog\cl.write.1.tlog
c:\users\kevin\onedrive\documents\visual studio 2015\projects\aircraft stability analysis\aircraft stability analysis\debug\aircraft.0e1a313c.tlog\link.command.1.tlog
c:\users\kevin\onedrive\documents\visual studio 2015\projects\aircraft stability analysis\aircraft stability analysis\debug\aircraft.0e1a313c.tlog\link.read.1.tlog
c:\users\kevin\onedrive\documents\visual studio 2015\projects\aircraft stability analysis\aircraft stability analysis\debug\aircraft.0e1a313c.tlog\link.write.1.tlog
c:\users\kevin\onedrive\documents\visual studio 2015\projects\aircraft stability analysis\aircraft stability analysis\debug\aircraft.0e1a313c.tlog\rc.command.1.tlog
c:\users\kevin\onedrive\documents\visual studio 2015\projects\aircraft stability analysis\aircraft stability analysis\debug\aircraft.0e1a313c.tlog\rc.read.1.tlog
c:\users\kevin\onedrive\documents\visual studio 2015\projects\aircraft stability analysis\aircraft stability analysis\debug\aircraft.0e1a313c.tlog\rc.write.1.tlog
